#-----------------------------------------------------------
# Vivado v2020.2 (64-bit)
# SW Build 3064766 on Wed Nov 18 09:12:45 MST 2020
# IP Build 3064653 on Wed Nov 18 14:17:31 MST 2020
# Start of session at: Tue Apr 27 22:07:59 2021
# Process ID: 16744
# Current directory: C:/Users/tsope/Documents/GitHub/fpga_real_time_clock/fpga_real_time_clock/fpga_real_time_clock.sim/sim_1/behav/xsim
# Command line: vivado.exe -gui_launcher_event rodinguilauncherevent8908 C:\Users\tsope\Documents\GitHub\fpga_real_time_clock\fpga_real_time_clock\fpga_real_time_clock.sim\sim_1\behav\xsim\fpga_sim_behav.wdb
# Log file: C:/Users/tsope/Documents/GitHub/fpga_real_time_clock/fpga_real_time_clock/fpga_real_time_clock.sim/sim_1/behav/xsim/vivado.log
# Journal file: C:/Users/tsope/Documents/GitHub/fpga_real_time_clock/fpga_real_time_clock/fpga_real_time_clock.sim/sim_1/behav/xsim\vivado.jou
#-----------------------------------------------------------
WARNING: [Runs 36-547] User Strategy 'Vivado Implementation Defaults' from file 'C:\Users\tsope\AppData\Roaming/Xilinx/Vivado/2020.2/strategies/Vivado Implementation Defaults.Vivado Implementation 2019.psg' discarded because strategy with same name already parsed from 'C:/Xilinx/Vivado/2020.2/strategies/VDI2019.psg'
start_gui
open_wave_database {C:\Users\tsope\Documents\GitHub\fpga_real_time_clock\fpga_real_time_clock\fpga_real_time_clock.sim\sim_1\behav\xsim\fpga_sim_behav.wdb}
INFO: [IP_Flow 19-234] Refreshing IP repositories
INFO: [IP_Flow 19-1704] No user IP repositories specified
INFO: [IP_Flow 19-2313] Loaded Vivado IP repository 'C:/Xilinx/Vivado/2020.2/data/ip'.
open_wave_database: Time (s): cpu = 00:00:09 ; elapsed = 00:00:06 . Memory (MB): peak = 1019.594 ; gain = 0.000
close_sim
INFO: [Simtcl 6-16] Simulation closed
exit
INFO: [Common 17-206] Exiting Vivado at Tue Apr 27 22:08:27 2021...
